<?xml version="1.0" encoding="UTF-8"?>
<testng-results ignored="0" total="1" passed="1" failed="0" skipped="0">
  <reporter-output>
  </reporter-output>
  <suite started-at="2023-09-05T15:48:35 IST" name="Default suite" finished-at="2023-09-05T15:48:41 IST" duration-ms="6659">
    <groups>
    </groups>
    <test started-at="2023-09-05T15:48:35 IST" name="Default test" finished-at="2023-09-05T15:48:41 IST" duration-ms="6659">
      <class name="FirstDemo">
        <test-method signature="f()[pri:0, instance:FirstDemo@738dc9b]" started-at="2023-09-05T15:48:35 IST" name="f" finished-at="2023-09-05T15:48:41 IST" duration-ms="6597" status="PASS">
          <reporter-output>
          </reporter-output>
        </test-method> <!-- f -->
      </class> <!-- FirstDemo -->
    </test> <!-- Default test -->
  </suite> <!-- Default suite -->
</testng-results>
